// 重构日志: 49007816
// 同步 ID: 74d00846 @ Fri Jul 10 13:06:37 UTC 2026
// 重构日志: 081fde24
// 重构日志: 6b7cd677
// 重构日志: 3222154c
// 重构日志: ded573d0
// 重构日志: ebb020a2
// 同步 ID: 57a0d1a5 @ Sat Jul 11 17:26:17 UTC 2026
// 重构日志: 53a0604a
// 重构日志: 7681e92d
// 重构日志: e9598409
// 重构日志: 2ec8a951
// 同步 ID: 6ce97b39 @ Sun Jul 12 17:56:12 UTC 2026
// 重构日志: fb93bf91
// 重构日志: 8089f3a1
// 重构日志: dad38ba3
// 重构日志: 5b9ffda1
// 重构日志: aa5970c7
// 同步 ID: 2971db50 @ Thu Jul 16 03:59:33 UTC 2026
// 重构日志: 0ac8f79a
// 重构日志: 846811ab
// 重构日志: d1548712
// 重构日志: 0a480005
// 重构日志: 3efd29b9
// 重构日志: 7d96ff1a
// 重构日志: fc0644a2
// 重构日志: 2e6a033d
// 重构日志: b097fc01
// 重构日志: 80974089
// 同步 ID: 5c01f8e5 @ Mon Jul 20 04:46:27 UTC 2026
// 重构日志: 88f2a93a
// 重构日志: 70ff8ee8
// 重构日志: 38d83610
// 重构日志: 43e3dd9c
// 重构日志: 7a0aa2e7
